This file contains any messages produced by compilers while
running configure, to aid debugging if configure makes a mistake.

It was created by configure, which was
generated by GNU Autoconf 2.60.  Invocation command line was

  $ ./configure 

## --------- ##
## Platform. ##
## --------- ##

hostname = a4suse
uname -m = i686
uname -r = 2.6.18.2-34-default
uname -s = Linux
uname -v = #1 SMP Mon Nov 27 11:46:27 UTC 2006

/usr/bin/uname -p = unknown
/bin/uname -X     = unknown

/bin/arch              = i686
/usr/bin/arch -k       = unknown
/usr/convex/getsysinfo = unknown
/usr/bin/hostinfo      = unknown
/bin/machine           = unknown
/usr/bin/oslevel       = unknown
/bin/universe          = unknown

PATH: /home/marius/bin
PATH: /usr/local/bin
PATH: /usr/bin
PATH: /usr/X11R6/bin
PATH: /bin
PATH: /usr/games
PATH: /opt/gnome/bin
PATH: /opt/kde3/bin
PATH: /usr/lib/jvm/jre/bin
PATH: /usr/lib/mit/bin
PATH: /usr/lib/mit/sbin
PATH: /usr/lib/qt3/bin


## ----------- ##
## Core tests. ##
## ----------- ##

configure:1976: checking for a BSD-compatible install
configure:2032: result: /usr/bin/install -c
configure:2043: checking whether build environment is sane
configure:2086: result: yes
configure:2151: checking for gawk
configure:2167: found /usr/bin/gawk
configure:2178: result: gawk
configure:2189: checking whether make sets $(MAKE)
configure:2210: result: yes
configure:2396: checking whether to enable maintainer-specific portions of Makefiles
configure:2405: result: no
configure:2433: checking for style of include used by make
configure:2461: result: GNU
configure:2534: checking for gcc
configure:2550: found /usr/bin/gcc
configure:2561: result: gcc
configure:2799: checking for C compiler version
configure:2806: gcc --version >&5
gcc (GCC) 4.1.2 20061115 (prerelease) (SUSE Linux)
Copyright (C) 2006 Free Software Foundation, Inc.
This is free software; see the source for copying conditions.  There is NO
warranty; not even for MERCHANTABILITY or FITNESS FOR A PARTICULAR PURPOSE.

configure:2809: $? = 0
configure:2816: gcc -v >&5
Using built-in specs.
Target: i586-suse-linux
Configured with: ../configure --enable-threads=posix --prefix=/usr --with-local-prefix=/usr/local --infodir=/usr/share/info --mandir=/usr/share/man --libdir=/usr/lib --libexecdir=/usr/lib --enable-languages=c,c++,objc,fortran,obj-c++,java,ada --enable-checking=release --with-gxx-include-dir=/usr/include/c++/4.1.2 --enable-ssp --disable-libssp --disable-libgcj --with-slibdir=/lib --with-system-zlib --enable-shared --enable-__cxa_atexit --enable-libstdcxx-allocator=new --program-suffix=-4.1 --enable-version-specific-runtime-libs --without-system-libunwind --with-cpu=generic --host=i586-suse-linux
Thread model: posix
gcc version 4.1.2 20061115 (prerelease) (SUSE Linux)
configure:2819: $? = 0
configure:2826: gcc -V >&5
gcc: '-V' option must have argument
configure:2829: $? = 1
configure:2852: checking for C compiler default output file name
configure:2879: gcc    conftest.c  >&5
configure:2882: $? = 0
configure:2928: result: a.out
configure:2933: checking whether the C compiler works
configure:2943: ./a.out
configure:2946: $? = 0
configure:2963: result: yes
configure:2970: checking whether we are cross compiling
configure:2972: result: no
configure:2975: checking for suffix of executables
configure:2982: gcc -o conftest    conftest.c  >&5
configure:2985: $? = 0
configure:3009: result: 
configure:3015: checking for suffix of object files
configure:3041: gcc -c   conftest.c >&5
configure:3044: $? = 0
configure:3067: result: o
configure:3071: checking whether we are using the GNU C compiler
configure:3100: gcc -c   conftest.c >&5
configure:3106: $? = 0
configure:3113: test -z "$ac_c_werror_flag" || test ! -s conftest.err
configure:3116: $? = 0
configure:3123: test -s conftest.o
configure:3126: $? = 0
configure:3140: result: yes
configure:3145: checking whether gcc accepts -g
configure:3175: gcc -c -g  conftest.c >&5
configure:3181: $? = 0
configure:3188: test -z "$ac_c_werror_flag" || test ! -s conftest.err
configure:3191: $? = 0
configure:3198: test -s conftest.o
configure:3201: $? = 0
configure:3331: result: yes
configure:3348: checking for gcc option to accept ISO C89
configure:3422: gcc  -c -g -O2  conftest.c >&5
configure:3428: $? = 0
configure:3435: test -z "$ac_c_werror_flag" || test ! -s conftest.err
configure:3438: $? = 0
configure:3445: test -s conftest.o
configure:3448: $? = 0
configure:3468: result: none needed
configure:3488: checking dependency style of gcc
configure:3578: result: gcc3
configure:3596: checking for library containing strerror
configure:3637: gcc -o conftest -g -O2   conftest.c  >&5
configure:3643: $? = 0
configure:3650: test -z "$ac_c_werror_flag" || test ! -s conftest.err
configure:3653: $? = 0
configure:3660: test -s conftest
configure:3663: $? = 0
configure:3687: result: none required
configure:3743: checking for gcc
configure:3770: result: gcc
configure:4008: checking for C compiler version
configure:4015: gcc --version >&5
gcc (GCC) 4.1.2 20061115 (prerelease) (SUSE Linux)
Copyright (C) 2006 Free Software Foundation, Inc.
This is free software; see the source for copying conditions.  There is NO
warranty; not even for MERCHANTABILITY or FITNESS FOR A PARTICULAR PURPOSE.

configure:4018: $? = 0
configure:4025: gcc -v >&5
Using built-in specs.
Target: i586-suse-linux
Configured with: ../configure --enable-threads=posix --prefix=/usr --with-local-prefix=/usr/local --infodir=/usr/share/info --mandir=/usr/share/man --libdir=/usr/lib --libexecdir=/usr/lib --enable-languages=c,c++,objc,fortran,obj-c++,java,ada --enable-checking=release --with-gxx-include-dir=/usr/include/c++/4.1.2 --enable-ssp --disable-libssp --disable-libgcj --with-slibdir=/lib --with-system-zlib --enable-shared --enable-__cxa_atexit --enable-libstdcxx-allocator=new --program-suffix=-4.1 --enable-version-specific-runtime-libs --without-system-libunwind --with-cpu=generic --host=i586-suse-linux
Thread model: posix
gcc version 4.1.2 20061115 (prerelease) (SUSE Linux)
configure:4028: $? = 0
configure:4035: gcc -V >&5
gcc: '-V' option must have argument
configure:4038: $? = 1
configure:4041: checking whether we are using the GNU C compiler
configure:4110: result: yes
configure:4115: checking whether gcc accepts -g
configure:4301: result: yes
configure:4318: checking for gcc option to accept ISO C89
configure:4438: result: none needed
configure:4458: checking dependency style of gcc
configure:4548: result: gcc3
configure:4613: checking for gcc
configure:4640: result: gcc
configure:4878: checking for C compiler version
configure:4885: gcc --version >&5
gcc (GCC) 4.1.2 20061115 (prerelease) (SUSE Linux)
Copyright (C) 2006 Free Software Foundation, Inc.
This is free software; see the source for copying conditions.  There is NO
warranty; not even for MERCHANTABILITY or FITNESS FOR A PARTICULAR PURPOSE.

configure:4888: $? = 0
configure:4895: gcc -v >&5
Using built-in specs.
Target: i586-suse-linux
Configured with: ../configure --enable-threads=posix --prefix=/usr --with-local-prefix=/usr/local --infodir=/usr/share/info --mandir=/usr/share/man --libdir=/usr/lib --libexecdir=/usr/lib --enable-languages=c,c++,objc,fortran,obj-c++,java,ada --enable-checking=release --with-gxx-include-dir=/usr/include/c++/4.1.2 --enable-ssp --disable-libssp --disable-libgcj --with-slibdir=/lib --with-system-zlib --enable-shared --enable-__cxa_atexit --enable-libstdcxx-allocator=new --program-suffix=-4.1 --enable-version-specific-runtime-libs --without-system-libunwind --with-cpu=generic --host=i586-suse-linux
Thread model: posix
gcc version 4.1.2 20061115 (prerelease) (SUSE Linux)
configure:4898: $? = 0
configure:4905: gcc -V >&5
gcc: '-V' option must have argument
configure:4908: $? = 1
configure:4911: checking whether we are using the GNU C compiler
configure:4980: result: yes
configure:4985: checking whether gcc accepts -g
configure:5171: result: yes
configure:5188: checking for gcc option to accept ISO C89
configure:5308: result: none needed
configure:5328: checking dependency style of gcc
configure:5418: result: gcc3
configure:5443: checking how to run the C preprocessor
configure:5483: gcc -E  conftest.c
configure:5489: $? = 0
configure:5527: gcc -E  conftest.c
conftest.c:10:28: error: ac_nonexistent.h: No such file or directory
configure:5533: $? = 1
configure: failed program was:
| /* confdefs.h.  */
| #define PACKAGE_NAME ""
| #define PACKAGE_TARNAME ""
| #define PACKAGE_VERSION ""
| #define PACKAGE_STRING ""
| #define PACKAGE_BUGREPORT ""
| #define PACKAGE "buzznet"
| #define VERSION "0.1"
| /* end confdefs.h.  */
| #include <ac_nonexistent.h>
configure:5573: result: gcc -E
configure:5602: gcc -E  conftest.c
configure:5608: $? = 0
configure:5646: gcc -E  conftest.c
conftest.c:10:28: error: ac_nonexistent.h: No such file or directory
configure:5652: $? = 1
configure: failed program was:
| /* confdefs.h.  */
| #define PACKAGE_NAME ""
| #define PACKAGE_TARNAME ""
| #define PACKAGE_VERSION ""
| #define PACKAGE_STRING ""
| #define PACKAGE_BUGREPORT ""
| #define PACKAGE "buzznet"
| #define VERSION "0.1"
| /* end confdefs.h.  */
| #include <ac_nonexistent.h>
configure:5697: checking for grep that handles long lines and -e
configure:5771: result: /usr/bin/grep
configure:5776: checking for egrep
configure:5854: result: /usr/bin/grep -E
configure:5859: checking for ANSI C header files
configure:5889: gcc -c -g -O2  conftest.c >&5
configure:5895: $? = 0
configure:5902: test -z "$ac_c_werror_flag" || test ! -s conftest.err
configure:5905: $? = 0
configure:5912: test -s conftest.o
configure:5915: $? = 0
configure:6011: gcc -o conftest -g -O2   conftest.c  >&5
configure:6014: $? = 0
configure:6020: ./conftest
configure:6023: $? = 0
configure:6040: result: yes
configure:6056: checking how to run the C preprocessor
configure:6186: result: gcc -E
configure:6215: gcc -E  conftest.c
configure:6221: $? = 0
configure:6259: gcc -E  conftest.c
conftest.c:11:28: error: ac_nonexistent.h: No such file or directory
configure:6265: $? = 1
configure: failed program was:
| /* confdefs.h.  */
| #define PACKAGE_NAME ""
| #define PACKAGE_TARNAME ""
| #define PACKAGE_VERSION ""
| #define PACKAGE_STRING ""
| #define PACKAGE_BUGREPORT ""
| #define PACKAGE "buzznet"
| #define VERSION "0.1"
| #define STDC_HEADERS 1
| /* end confdefs.h.  */
| #include <ac_nonexistent.h>
configure:6367: checking for g++
configure:6383: found /usr/bin/g++
configure:6394: result: g++
configure:6425: checking for C++ compiler version
configure:6432: g++ --version >&5
g++ (GCC) 4.1.2 20061115 (prerelease) (SUSE Linux)
Copyright (C) 2006 Free Software Foundation, Inc.
This is free software; see the source for copying conditions.  There is NO
warranty; not even for MERCHANTABILITY or FITNESS FOR A PARTICULAR PURPOSE.

configure:6435: $? = 0
configure:6442: g++ -v >&5
Using built-in specs.
Target: i586-suse-linux
Configured with: ../configure --enable-threads=posix --prefix=/usr --with-local-prefix=/usr/local --infodir=/usr/share/info --mandir=/usr/share/man --libdir=/usr/lib --libexecdir=/usr/lib --enable-languages=c,c++,objc,fortran,obj-c++,java,ada --enable-checking=release --with-gxx-include-dir=/usr/include/c++/4.1.2 --enable-ssp --disable-libssp --disable-libgcj --with-slibdir=/lib --with-system-zlib --enable-shared --enable-__cxa_atexit --enable-libstdcxx-allocator=new --program-suffix=-4.1 --enable-version-specific-runtime-libs --without-system-libunwind --with-cpu=generic --host=i586-suse-linux
Thread model: posix
gcc version 4.1.2 20061115 (prerelease) (SUSE Linux)
configure:6445: $? = 0
configure:6452: g++ -V >&5
g++: '-V' option must have argument
configure:6455: $? = 1
configure:6458: checking whether we are using the GNU C++ compiler
configure:6487: g++ -c   conftest.cpp >&5
configure:6493: $? = 0
configure:6500: test -z "$ac_cxx_werror_flag" || test ! -s conftest.err
configure:6503: $? = 0
configure:6510: test -s conftest.o
configure:6513: $? = 0
configure:6527: result: yes
configure:6532: checking whether g++ accepts -g
configure:6562: g++ -c -g  conftest.cpp >&5
configure:6568: $? = 0
configure:6575: test -z "$ac_cxx_werror_flag" || test ! -s conftest.err
configure:6578: $? = 0
configure:6585: test -s conftest.o
configure:6588: $? = 0
configure:6718: result: yes
configure:6743: checking dependency style of g++
configure:6833: result: gcc3
configure:6874: checking for sys/types.h
configure:6895: gcc -c -g -O2  conftest.c >&5
configure:6901: $? = 0
configure:6908: test -z "$ac_c_werror_flag" || test ! -s conftest.err
configure:6911: $? = 0
configure:6918: test -s conftest.o
configure:6921: $? = 0
configure:6934: result: yes
configure:6874: checking for sys/stat.h
configure:6895: gcc -c -g -O2  conftest.c >&5
configure:6901: $? = 0
configure:6908: test -z "$ac_c_werror_flag" || test ! -s conftest.err
configure:6911: $? = 0
configure:6918: test -s conftest.o
configure:6921: $? = 0
configure:6934: result: yes
configure:6874: checking for stdlib.h
configure:6895: gcc -c -g -O2  conftest.c >&5
configure:6901: $? = 0
configure:6908: test -z "$ac_c_werror_flag" || test ! -s conftest.err
configure:6911: $? = 0
configure:6918: test -s conftest.o
configure:6921: $? = 0
configure:6934: result: yes
configure:6874: checking for string.h
configure:6895: gcc -c -g -O2  conftest.c >&5
configure:6901: $? = 0
configure:6908: test -z "$ac_c_werror_flag" || test ! -s conftest.err
configure:6911: $? = 0
configure:6918: test -s conftest.o
configure:6921: $? = 0
configure:6934: result: yes
configure:6874: checking for memory.h
configure:6895: gcc -c -g -O2  conftest.c >&5
configure:6901: $? = 0
configure:6908: test -z "$ac_c_werror_flag" || test ! -s conftest.err
configure:6911: $? = 0
configure:6918: test -s conftest.o
configure:6921: $? = 0
configure:6934: result: yes
configure:6874: checking for strings.h
configure:6895: gcc -c -g -O2  conftest.c >&5
configure:6901: $? = 0
configure:6908: test -z "$ac_c_werror_flag" || test ! -s conftest.err
configure:6911: $? = 0
configure:6918: test -s conftest.o
configure:6921: $? = 0
configure:6934: result: yes
configure:6874: checking for inttypes.h
configure:6895: gcc -c -g -O2  conftest.c >&5
configure:6901: $? = 0
configure:6908: test -z "$ac_c_werror_flag" || test ! -s conftest.err
configure:6911: $? = 0
configure:6918: test -s conftest.o
configure:6921: $? = 0
configure:6934: result: yes
configure:6874: checking for stdint.h
configure:6895: gcc -c -g -O2  conftest.c >&5
configure:6901: $? = 0
configure:6908: test -z "$ac_c_werror_flag" || test ! -s conftest.err
configure:6911: $? = 0
configure:6918: test -s conftest.o
configure:6921: $? = 0
configure:6934: result: yes
configure:6874: checking for unistd.h
configure:6895: gcc -c -g -O2  conftest.c >&5
configure:6901: $? = 0
configure:6908: test -z "$ac_c_werror_flag" || test ! -s conftest.err
configure:6911: $? = 0
configure:6918: test -s conftest.o
configure:6921: $? = 0
configure:6934: result: yes
configure:6962: checking locale.h usability
configure:6979: gcc -c -g -O2  conftest.c >&5
configure:6985: $? = 0
configure:6992: test -z "$ac_c_werror_flag" || test ! -s conftest.err
configure:6995: $? = 0
configure:7002: test -s conftest.o
configure:7005: $? = 0
configure:7016: result: yes
configure:7020: checking locale.h presence
configure:7035: gcc -E  conftest.c
configure:7041: $? = 0
configure:7062: result: yes
configure:7090: checking for locale.h
configure:7098: result: yes
configure:7112: checking for LC_MESSAGES
configure:7138: gcc -o conftest -g -O2   conftest.c  >&5
configure:7144: $? = 0
configure:7151: test -z "$ac_c_werror_flag" || test ! -s conftest.err
configure:7154: $? = 0
configure:7161: test -s conftest
configure:7164: $? = 0
configure:7177: result: yes
configure:7206: checking libintl.h usability
configure:7223: gcc -c -g -O2  conftest.c >&5
configure:7229: $? = 0
configure:7236: test -z "$ac_c_werror_flag" || test ! -s conftest.err
configure:7239: $? = 0
configure:7246: test -s conftest.o
configure:7249: $? = 0
configure:7260: result: yes
configure:7264: checking libintl.h presence
configure:7279: gcc -E  conftest.c
configure:7285: $? = 0
configure:7306: result: yes
configure:7334: checking for libintl.h
configure:7341: result: yes
configure:7352: checking for ngettext in libc
configure:7380: gcc -o conftest -g -O2   conftest.c  >&5
configure:7386: $? = 0
configure:7393: test -z "$ac_c_werror_flag" || test ! -s conftest.err
configure:7396: $? = 0
configure:7403: test -s conftest
configure:7406: $? = 0
configure:7420: result: yes
configure:7424: checking for dgettext in libc
configure:7452: gcc -o conftest -g -O2   conftest.c  >&5
configure:7458: $? = 0
configure:7465: test -z "$ac_c_werror_flag" || test ! -s conftest.err
configure:7468: $? = 0
configure:7475: test -s conftest
configure:7478: $? = 0
configure:7492: result: yes
configure:7501: checking for bind_textdomain_codeset
configure:7557: gcc -o conftest -g -O2   conftest.c  >&5
configure:7563: $? = 0
configure:7570: test -z "$ac_c_werror_flag" || test ! -s conftest.err
configure:7573: $? = 0
configure:7580: test -s conftest
configure:7583: $? = 0
configure:7597: result: yes
configure:8180: checking for msgfmt
configure:8207: result: /usr/bin/msgfmt
configure:8220: checking for dcgettext
configure:8276: gcc -o conftest -g -O2   conftest.c   >&5
conftest.c:48: warning: conflicting types for built-in function 'dcgettext'
configure:8282: $? = 0
configure:8289: test -z "$ac_c_werror_flag" || test ! -s conftest.err
configure:8292: $? = 0
configure:8299: test -s conftest
configure:8302: $? = 0
configure:8316: result: yes
configure:8328: checking for gmsgfmt
configure:8359: result: /usr/bin/msgfmt
configure:8369: checking for xgettext
configure:8396: result: /usr/bin/xgettext
configure:8425: gcc -o conftest -g -O2   conftest.c   >&5
configure:8431: $? = 0
configure:8438: test -z "$ac_c_werror_flag" || test ! -s conftest.err
configure:8441: $? = 0
configure:8448: test -s conftest
configure:8451: $? = 0
configure:8759: checking build system type
configure:8777: result: i686-suse-linux-gnu
configure:8799: checking host system type
configure:8814: result: i686-suse-linux-gnu
configure:8836: checking for a sed that does not truncate output
configure:8890: result: /usr/bin/sed
configure:8904: checking for ld used by gcc
configure:8971: result: /usr/i586-suse-linux/bin/ld
configure:8980: checking if the linker (/usr/i586-suse-linux/bin/ld) is GNU ld
configure:8995: result: yes
configure:9000: checking for /usr/i586-suse-linux/bin/ld option to reload object files
configure:9007: result: -r
configure:9025: checking for BSD-compatible nm
configure:9074: result: /usr/bin/nm -B
configure:9078: checking whether ln -s works
configure:9082: result: yes
configure:9089: checking how to recognise dependent libraries
configure:9265: result: pass_all
configure:9524: checking dlfcn.h usability
configure:9541: gcc -c -g -O2  conftest.c >&5
configure:9547: $? = 0
configure:9554: test -z "$ac_c_werror_flag" || test ! -s conftest.err
configure:9557: $? = 0
configure:9564: test -s conftest.o
configure:9567: $? = 0
configure:9578: result: yes
configure:9582: checking dlfcn.h presence
configure:9597: gcc -E  conftest.c
configure:9603: $? = 0
configure:9624: result: yes
configure:9652: checking for dlfcn.h
configure:9660: result: yes
configure:9683: checking how to run the C++ preprocessor
configure:9719: g++ -E  conftest.cpp
configure:9725: $? = 0
configure:9763: g++ -E  conftest.cpp
conftest.cpp:28:28: error: ac_nonexistent.h: No such file or directory
configure:9769: $? = 1
configure: failed program was:
| /* confdefs.h.  */
| #define PACKAGE_NAME ""
| #define PACKAGE_TARNAME ""
| #define PACKAGE_VERSION ""
| #define PACKAGE_STRING ""
| #define PACKAGE_BUGREPORT ""
| #define PACKAGE "buzznet"
| #define VERSION "0.1"
| #define STDC_HEADERS 1
| #define GETTEXT_PACKAGE "buzznet"
| #define HAVE_SYS_TYPES_H 1
| #define HAVE_SYS_STAT_H 1
| #define HAVE_STDLIB_H 1
| #define HAVE_STRING_H 1
| #define HAVE_MEMORY_H 1
| #define HAVE_STRINGS_H 1
| #define HAVE_INTTYPES_H 1
| #define HAVE_STDINT_H 1
| #define HAVE_UNISTD_H 1
| #define HAVE_LOCALE_H 1
| #define HAVE_LC_MESSAGES 1
| #define HAVE_BIND_TEXTDOMAIN_CODESET 1
| #define HAVE_GETTEXT 1
| #define HAVE_DCGETTEXT 1
| #define ENABLE_NLS 1
| #define HAVE_DLFCN_H 1
| /* end confdefs.h.  */
| #include <ac_nonexistent.h>
configure:9809: result: g++ -E
configure:9838: g++ -E  conftest.cpp
configure:9844: $? = 0
configure:9882: g++ -E  conftest.cpp
conftest.cpp:28:28: error: ac_nonexistent.h: No such file or directory
configure:9888: $? = 1
configure: failed program was:
| /* confdefs.h.  */
| #define PACKAGE_NAME ""
| #define PACKAGE_TARNAME ""
| #define PACKAGE_VERSION ""
| #define PACKAGE_STRING ""
| #define PACKAGE_BUGREPORT ""
| #define PACKAGE "buzznet"
| #define VERSION "0.1"
| #define STDC_HEADERS 1
| #define GETTEXT_PACKAGE "buzznet"
| #define HAVE_SYS_TYPES_H 1
| #define HAVE_SYS_STAT_H 1
| #define HAVE_STDLIB_H 1
| #define HAVE_STRING_H 1
| #define HAVE_MEMORY_H 1
| #define HAVE_STRINGS_H 1
| #define HAVE_INTTYPES_H 1
| #define HAVE_STDINT_H 1
| #define HAVE_UNISTD_H 1
| #define HAVE_LOCALE_H 1
| #define HAVE_LC_MESSAGES 1
| #define HAVE_BIND_TEXTDOMAIN_CODESET 1
| #define HAVE_GETTEXT 1
| #define HAVE_DCGETTEXT 1
| #define ENABLE_NLS 1
| #define HAVE_DLFCN_H 1
| /* end confdefs.h.  */
| #include <ac_nonexistent.h>
configure:9988: checking for g77
configure:10018: result: no
configure:9988: checking for f77
configure:10018: result: no
configure:9988: checking for xlf
configure:10018: result: no
configure:9988: checking for frt
configure:10018: result: no
configure:9988: checking for pgf77
configure:10018: result: no
configure:9988: checking for cf77
configure:10018: result: no
configure:9988: checking for fort77
configure:10018: result: no
configure:9988: checking for fl32
configure:10018: result: no
configure:9988: checking for af77
configure:10018: result: no
configure:9988: checking for f90
configure:10018: result: no
configure:9988: checking for xlf90
configure:10018: result: no
configure:9988: checking for pgf90
configure:10018: result: no
configure:9988: checking for pghpf
configure:10018: result: no
configure:9988: checking for epcf90
configure:10018: result: no
configure:9988: checking for gfortran
configure:10018: result: no
configure:9988: checking for g95
configure:10018: result: no
configure:9988: checking for f95
configure:10018: result: no
configure:9988: checking for fort
configure:10018: result: no
configure:9988: checking for xlf95
configure:10018: result: no
configure:9988: checking for ifort
configure:10018: result: no
configure:9988: checking for ifc
configure:10018: result: no
configure:9988: checking for efc
configure:10018: result: no
configure:9988: checking for pgf95
configure:10018: result: no
configure:9988: checking for lf95
configure:10018: result: no
configure:9988: checking for ftn
configure:10018: result: no
configure:10045: checking for Fortran 77 compiler version
configure:10052:  --version >&5
./configure: line 10053: --version: command not found
configure:10055: $? = 127
configure:10062:  -v >&5
./configure: line 10063: -v: command not found
configure:10065: $? = 127
configure:10072:  -V >&5
./configure: line 10073: -V: command not found
configure:10075: $? = 127
configure:10083: checking whether we are using the GNU Fortran 77 compiler
configure:10102:  -c  conftest.F >&5
./configure: line 10103: -c: command not found
configure:10108: $? = 127
configure: failed program was:
|       program main
| #ifndef __GNUC__
|        choke me
| #endif
| 
|       end
configure:10142: result: no
configure:10148: checking whether  accepts -g
configure:10165:  -c -g conftest.f >&5
./configure: line 10166: -c: command not found
configure:10171: $? = 127
configure: failed program was:
|       program main
| 
|       end
configure:10204: result: no
configure:10234: checking the maximum length of command line arguments
configure:10343: result: 32768
configure:10354: checking command to parse /usr/bin/nm -B output from gcc object
configure:10459: gcc -c -g -O2  conftest.c >&5
configure:10462: $? = 0
configure:10466: /usr/bin/nm -B conftest.o \| sed -n -e 's/^.*[ 	]\([ABCDGIRSTW][ABCDGIRSTW]*\)[ 	][ 	]*\([_A-Za-z][_A-Za-z0-9]*\)$/\1 \2 \2/p' \> conftest.nm
configure:10469: $? = 0
configure:10521: gcc -o conftest -g -O2   conftest.c conftstm.o >&5
configure:10524: $? = 0
configure:10562: result: ok
configure:10566: checking for objdir
configure:10581: result: .libs
configure:10673: checking for ar
configure:10689: found /usr/bin/ar
configure:10700: result: ar
configure:10769: checking for ranlib
configure:10785: found /usr/bin/ranlib
configure:10796: result: ranlib
configure:10865: checking for strip
configure:10881: found /usr/bin/strip
configure:10892: result: strip
configure:11178: checking if gcc supports -fno-rtti -fno-exceptions
configure:11196: gcc -c -g -O2  -fno-rtti -fno-exceptions conftest.c >&5
cc1: warning: command line option "-fno-rtti" is valid for C++/ObjC++ but not for C
configure:11200: $? = 0
configure:11213: result: no
configure:11228: checking for gcc option to produce PIC
configure:11438: result: -fPIC
configure:11446: checking if gcc PIC flag -fPIC works
configure:11464: gcc -c -g -O2  -fPIC -DPIC conftest.c >&5
configure:11468: $? = 0
configure:11481: result: yes
configure:11509: checking if gcc static flag -static works
configure:11537: result: yes
configure:11547: checking if gcc supports -c -o file.o
configure:11568: gcc -c -g -O2  -o out/conftest2.o conftest.c >&5
configure:11572: $? = 0
configure:11594: result: yes
configure:11620: checking whether the gcc linker (/usr/i586-suse-linux/bin/ld) supports shared libraries
configure:12606: result: yes
configure:12627: checking whether -lc should be explicitly linked in
configure:12632: gcc -c -g -O2  conftest.c >&5
configure:12635: $? = 0
configure:12650: gcc -shared conftest.o  -v -Wl,-soname -Wl,conftest -o conftest 2\>\&1 \| grep  -lc  \>/dev/null 2\>\&1
configure:12653: $? = 0
configure:12665: result: no
configure:12673: checking dynamic linker characteristics
configure:13261: result: GNU/Linux ld.so
configure:13270: checking how to hardcode library paths into programs
configure:13295: result: immediate
configure:13309: checking whether stripping libraries is possible
configure:13314: result: yes
configure:14227: checking if libtool supports shared libraries
configure:14229: result: yes
configure:14232: checking whether to build shared libraries
configure:14253: result: yes
configure:14256: checking whether to build static libraries
configure:14260: result: yes
configure:14352: creating libtool
configure:14940: checking for ld used by g++
configure:15007: result: /usr/i586-suse-linux/bin/ld
configure:15016: checking if the linker (/usr/i586-suse-linux/bin/ld) is GNU ld
configure:15031: result: yes
configure:15082: checking whether the g++ linker (/usr/i586-suse-linux/bin/ld) supports shared libraries
configure:16048: result: yes
configure:16066: g++ -c -g -O2  conftest.cpp >&5
configure:16069: $? = 0
configure:16188: checking for g++ option to produce PIC
configure:16462: result: -fPIC
configure:16470: checking if g++ PIC flag -fPIC works
configure:16488: g++ -c -g -O2  -fPIC -DPIC conftest.cpp >&5
configure:16492: $? = 0
configure:16505: result: yes
configure:16533: checking if g++ static flag -static works
configure:16561: result: yes
configure:16571: checking if g++ supports -c -o file.o
configure:16592: g++ -c -g -O2  -o out/conftest2.o conftest.cpp >&5
configure:16596: $? = 0
configure:16618: result: yes
configure:16644: checking whether the g++ linker (/usr/i586-suse-linux/bin/ld) supports shared libraries
configure:16669: result: yes
configure:16736: checking dynamic linker characteristics
configure:17324: result: GNU/Linux ld.so
configure:17333: checking how to hardcode library paths into programs
configure:17358: result: immediate
configure:23791: creating ./config.status

## ---------------------- ##
## Running config.status. ##
## ---------------------- ##

This file was extended by config.status, which was
generated by GNU Autoconf 2.60.  Invocation command line was

  CONFIG_FILES    = 
  CONFIG_HEADERS  = 
  CONFIG_LINKS    = 
  CONFIG_COMMANDS = 
  $ ./config.status 

on a4suse

config.status:678: creating Makefile
config.status:678: creating po/Makefile.in
config.status:813: WARNING:  po/Makefile.in.in seems to ignore the --datarootdir setting
config.status:678: creating src/Makefile
config.status:678: creating config.h
config.status:913: config.h is unchanged
config.status:959: executing depfiles commands
config.status:959: executing default-1 commands

## ---------------- ##
## Cache variables. ##
## ---------------- ##

ac_cv_build=i686-suse-linux-gnu
ac_cv_c_compiler_gnu=yes
ac_cv_cxx_compiler_gnu=yes
ac_cv_env_CCC_set=
ac_cv_env_CCC_value=
ac_cv_env_CC_set=
ac_cv_env_CC_value=
ac_cv_env_CFLAGS_set=
ac_cv_env_CFLAGS_value=
ac_cv_env_CPPFLAGS_set=
ac_cv_env_CPPFLAGS_value=
ac_cv_env_CPP_set=
ac_cv_env_CPP_value=
ac_cv_env_CXXCPP_set=
ac_cv_env_CXXCPP_value=
ac_cv_env_CXXFLAGS_set=
ac_cv_env_CXXFLAGS_value=
ac_cv_env_CXX_set=
ac_cv_env_CXX_value=
ac_cv_env_F77_set=
ac_cv_env_F77_value=
ac_cv_env_FFLAGS_set=
ac_cv_env_FFLAGS_value=
ac_cv_env_LDFLAGS_set=
ac_cv_env_LDFLAGS_value=
ac_cv_env_build_alias_set=
ac_cv_env_build_alias_value=
ac_cv_env_host_alias_set=
ac_cv_env_host_alias_value=
ac_cv_env_target_alias_set=
ac_cv_env_target_alias_value=
ac_cv_f77_compiler_gnu=no
ac_cv_func_bind_textdomain_codeset=yes
ac_cv_func_dcgettext=yes
ac_cv_header_dlfcn_h=yes
ac_cv_header_inttypes_h=yes
ac_cv_header_libintl_h=yes
ac_cv_header_locale_h=yes
ac_cv_header_memory_h=yes
ac_cv_header_stdc=yes
ac_cv_header_stdint_h=yes
ac_cv_header_stdlib_h=yes
ac_cv_header_string_h=yes
ac_cv_header_strings_h=yes
ac_cv_header_sys_stat_h=yes
ac_cv_header_sys_types_h=yes
ac_cv_header_unistd_h=yes
ac_cv_host=i686-suse-linux-gnu
ac_cv_objext=o
ac_cv_path_EGREP='/usr/bin/grep -E'
ac_cv_path_GMSGFMT=/usr/bin/msgfmt
ac_cv_path_GREP=/usr/bin/grep
ac_cv_path_MSGFMT=/usr/bin/msgfmt
ac_cv_path_XGETTEXT=/usr/bin/xgettext
ac_cv_path_install='/usr/bin/install -c'
ac_cv_prog_AWK=gawk
ac_cv_prog_CPP='gcc -E'
ac_cv_prog_CXXCPP='g++ -E'
ac_cv_prog_ac_ct_AR=ar
ac_cv_prog_ac_ct_CC=gcc
ac_cv_prog_ac_ct_CXX=g++
ac_cv_prog_ac_ct_RANLIB=ranlib
ac_cv_prog_ac_ct_STRIP=strip
ac_cv_prog_cc_c89=
ac_cv_prog_cc_g=yes
ac_cv_prog_cxx_g=yes
ac_cv_prog_f77_g=no
ac_cv_prog_make_make_set=yes
ac_cv_search_strerror='none required'
am_cv_CC_dependencies_compiler_type=gcc3
am_cv_CXX_dependencies_compiler_type=gcc3
am_cv_prog_cc_stdc=
am_cv_val_LC_MESSAGES=yes
gt_cv_func_dgettext_libc=yes
gt_cv_func_dgettext_libintl=no
gt_cv_func_ngettext_libc=yes
gt_cv_have_gettext=yes
lt_cv_deplibs_check_method=pass_all
lt_cv_file_magic_cmd='$MAGIC_CMD'
lt_cv_file_magic_test_file=
lt_cv_ld_reload_flag=-r
lt_cv_objdir=.libs
lt_cv_path_LD=/usr/i586-suse-linux/bin/ld
lt_cv_path_LDCXX=/usr/i586-suse-linux/bin/ld
lt_cv_path_NM='/usr/bin/nm -B'
lt_cv_path_SED=/usr/bin/sed
lt_cv_prog_compiler_c_o=yes
lt_cv_prog_compiler_c_o_CXX=yes
lt_cv_prog_compiler_rtti_exceptions=no
lt_cv_prog_gnu_ld=yes
lt_cv_prog_gnu_ldcxx=yes
lt_cv_sys_global_symbol_pipe='sed -n -e '\''s/^.*[ 	]\([ABCDGIRSTW][ABCDGIRSTW]*\)[ 	][ 	]*\([_A-Za-z][_A-Za-z0-9]*\)$/\1 \2 \2/p'\'''
lt_cv_sys_global_symbol_to_c_name_address='sed -n -e '\''s/^: \([^ ]*\) $/  {\"\1\", (lt_ptr) 0},/p'\'' -e '\''s/^[BCDEGRST] \([^ ]*\) \([^ ]*\)$/  {"\2", (lt_ptr) \&\2},/p'\'''
lt_cv_sys_global_symbol_to_cdecl='sed -n -e '\''s/^. .* \(.*\)$/extern int \1;/p'\'''
lt_cv_sys_max_cmd_len=32768
lt_lt_cv_prog_compiler_c_o='"yes"'
lt_lt_cv_prog_compiler_c_o_CXX='"yes"'
lt_lt_cv_sys_global_symbol_pipe='"sed -n -e '\''s/^.*[ 	]\\([ABCDGIRSTW][ABCDGIRSTW]*\\)[ 	][ 	]*\\([_A-Za-z][_A-Za-z0-9]*\\)\$/\\1 \\2 \\2/p'\''"'
lt_lt_cv_sys_global_symbol_to_c_name_address='"sed -n -e '\''s/^: \\([^ ]*\\) \$/  {\\\"\\1\\\", (lt_ptr) 0},/p'\'' -e '\''s/^[BCDEGRST] \\([^ ]*\\) \\([^ ]*\\)\$/  {\"\\2\", (lt_ptr) \\&\\2},/p'\''"'
lt_lt_cv_sys_global_symbol_to_cdecl='"sed -n -e '\''s/^. .* \\(.*\\)\$/extern int \\1;/p'\''"'

## ----------------- ##
## Output variables. ##
## ----------------- ##

ACLOCAL='${SHELL} /home/marius/develop/BUZZNET/missing --run aclocal-1.9'
AMDEPBACKSLASH='\'
AMDEP_FALSE='#'
AMDEP_TRUE=''
AMTAR='${SHELL} /home/marius/develop/BUZZNET/missing --run tar'
AR='ar'
AUTOCONF='${SHELL} /home/marius/develop/BUZZNET/missing --run autoconf'
AUTOHEADER='${SHELL} /home/marius/develop/BUZZNET/missing --run autoheader'
AUTOMAKE='${SHELL} /home/marius/develop/BUZZNET/missing --run automake-1.9'
AWK='gawk'
CATALOGS=''
CATOBJEXT='.gmo'
CC='gcc'
CCDEPMODE='depmode=gcc3'
CFLAGS='-g -O2'
CPP='gcc -E'
CPPFLAGS=''
CXX='g++'
CXXCPP='g++ -E'
CXXDEPMODE='depmode=gcc3'
CXXFLAGS='-g -O2'
CYGPATH_W='echo'
DATADIRNAME='share'
DEFS='-DHAVE_CONFIG_H'
DEPDIR='.deps'
ECHO='echo'
ECHO_C=''
ECHO_N='-n'
ECHO_T=''
EGREP='/usr/bin/grep -E'
EXEEXT=''
F77=''
FFLAGS=''
GETTEXT_PACKAGE='buzznet'
GMOFILES=''
GMSGFMT='/usr/bin/msgfmt'
GREP='/usr/bin/grep'
INSTALL_DATA='${INSTALL} -m 644'
INSTALL_PROGRAM='${INSTALL}'
INSTALL_SCRIPT='${INSTALL}'
INSTALL_STRIP_PROGRAM='${SHELL} $(install_sh) -c -s'
INSTOBJEXT='.mo'
INTLLIBS=''
LDFLAGS=''
LIBOBJS=''
LIBS=''
LIBTOOL='$(SHELL) $(top_builddir)/libtool'
LN_S='ln -s'
LTLIBOBJS=''
MAINT='#'
MAINTAINER_MODE_FALSE=''
MAINTAINER_MODE_TRUE='#'
MAKEINFO='${SHELL} /home/marius/develop/BUZZNET/missing --run makeinfo'
MSGFMT='/usr/bin/msgfmt'
NO_PREFIX_PACKAGE_DATA_DIR='share'
NO_PREFIX_PACKAGE_DOC_DIR='doc/buzznet'
NO_PREFIX_PACKAGE_HELP_DIR='share/help'
NO_PREFIX_PACKAGE_MENU_DIR='share'
NO_PREFIX_PACKAGE_PIXMAPS_DIR='share/pixmaps'
OBJEXT='o'
PACKAGE='buzznet'
PACKAGE_BUGREPORT=''
PACKAGE_DATA_DIR='/usr/local/share'
PACKAGE_DOC_DIR='/usr/local/doc/buzznet'
PACKAGE_HELP_DIR='/usr/local/share/help'
PACKAGE_MENU_DIR='/usr/local/share'
PACKAGE_NAME=''
PACKAGE_PIXMAPS_DIR='/usr/local/share/pixmaps'
PACKAGE_STRING=''
PACKAGE_TARNAME=''
PACKAGE_VERSION=''
PATH_SEPARATOR=':'
POFILES=''
POSUB='po'
PO_IN_DATADIR_FALSE=''
PO_IN_DATADIR_TRUE=''
RANLIB='ranlib'
SET_MAKE=''
SHELL='/bin/sh'
STRIP='strip'
USE_NLS='yes'
VERSION='0.1'
XGETTEXT='/usr/bin/xgettext'
ac_ct_CC='gcc'
ac_ct_CXX='g++'
ac_ct_F77=''
am__fastdepCC_FALSE='#'
am__fastdepCC_TRUE=''
am__fastdepCXX_FALSE='#'
am__fastdepCXX_TRUE=''
am__include='include'
am__leading_dot='.'
am__quote=''
am__tar='${AMTAR} chof - "$$tardir"'
am__untar='${AMTAR} xf -'
bindir='${exec_prefix}/bin'
build='i686-suse-linux-gnu'
build_alias=''
build_cpu='i686'
build_os='linux-gnu'
build_vendor='suse'
datadir='${datarootdir}'
datarootdir='${prefix}/share'
docdir='${datarootdir}/doc/${PACKAGE}'
dvidir='${docdir}'
exec_prefix='${prefix}'
host='i686-suse-linux-gnu'
host_alias=''
host_cpu='i686'
host_os='linux-gnu'
host_vendor='suse'
htmldir='${docdir}'
includedir='${prefix}/include'
infodir='${datarootdir}/info'
install_sh='/home/marius/develop/BUZZNET/install-sh'
libdir='${exec_prefix}/lib'
libexecdir='${exec_prefix}/libexec'
localedir='${datarootdir}/locale'
localstatedir='${prefix}/var'
mandir='${datarootdir}/man'
mkdir_p='mkdir -p --'
oldincludedir='/usr/include'
pdfdir='${docdir}'
prefix='/usr/local'
program_transform_name='s,x,x,'
psdir='${docdir}'
sbindir='${exec_prefix}/sbin'
sharedstatedir='${prefix}/com'
sysconfdir='${prefix}/etc'
target_alias=''

## ----------- ##
## confdefs.h. ##
## ----------- ##

#define PACKAGE_NAME ""
#define PACKAGE_TARNAME ""
#define PACKAGE_VERSION ""
#define PACKAGE_STRING ""
#define PACKAGE_BUGREPORT ""
#define PACKAGE "buzznet"
#define VERSION "0.1"
#define STDC_HEADERS 1
#define GETTEXT_PACKAGE "buzznet"
#define HAVE_SYS_TYPES_H 1
#define HAVE_SYS_STAT_H 1
#define HAVE_STDLIB_H 1
#define HAVE_STRING_H 1
#define HAVE_MEMORY_H 1
#define HAVE_STRINGS_H 1
#define HAVE_INTTYPES_H 1
#define HAVE_STDINT_H 1
#define HAVE_UNISTD_H 1
#define HAVE_LOCALE_H 1
#define HAVE_LC_MESSAGES 1
#define HAVE_BIND_TEXTDOMAIN_CODESET 1
#define HAVE_GETTEXT 1
#define HAVE_DCGETTEXT 1
#define ENABLE_NLS 1
#define HAVE_DLFCN_H 1
#define PACKAGE_LOCALE_DIR "/usr/local/share/locale"
#define PACKAGE_DATA_DIR "/usr/local/share"
#define PACKAGE_DOC_DIR "/usr/local/doc/buzznet"
#define PACKAGE_PIXMAPS_DIR "/usr/local/share/pixmaps"
#define PACKAGE_HELP_DIR "/usr/local/share/help"
#define PACKAGE_MENU_DIR "/usr/local/share"
#define PACKAGE_SOURCE_DIR "/home/marius/develop/BUZZNET"

configure: exit 0

## ---------------------- ##
## Running config.status. ##
## ---------------------- ##

This file was extended by config.status, which was
generated by GNU Autoconf 2.60.  Invocation command line was

  CONFIG_FILES    = po/Makefile.in
  CONFIG_HEADERS  = 
  CONFIG_LINKS    = 
  CONFIG_COMMANDS = 
  $ ./config.status 

on a4suse

config.status:678: creating po/Makefile.in
config.status:813: WARNING:  po/Makefile.in.in seems to ignore the --datarootdir setting
config.status:959: executing depfiles commands
config.status:959: executing default-1 commands
