This file contains any messages produced by compilers while
running configure, to aid debugging if configure makes a mistake.

It was created by configure, which was
generated by GNU Autoconf 2.60.  Invocation command line was

  $ ./configure --enable-maintainer-mode

## --------- ##
## Platform. ##
## --------- ##

hostname = a4suse
uname -m = i686
uname -r = 2.6.18.2-34-default
uname -s = Linux
uname -v = #1 SMP Mon Nov 27 11:46:27 UTC 2006

/usr/bin/uname -p = unknown
/bin/uname -X     = unknown

/bin/arch              = i686
/usr/bin/arch -k       = unknown
/usr/convex/getsysinfo = unknown
/usr/bin/hostinfo      = unknown
/bin/machine           = unknown
/usr/bin/oslevel       = unknown
/bin/universe          = unknown

PATH: /home/marius/bin
PATH: /usr/local/bin
PATH: /usr/bin
PATH: /usr/X11R6/bin
PATH: /bin
PATH: /usr/games
PATH: /opt/gnome/bin
PATH: /opt/kde3/bin
PATH: /usr/lib/jvm/jre/bin
PATH: /usr/lib/mit/bin
PATH: /usr/lib/mit/sbin
PATH: /usr/lib/qt3/bin


## ----------- ##
## Core tests. ##
## ----------- ##

configure:1961: checking for a BSD-compatible install
configure:2017: result: /usr/bin/install -c
configure:2028: checking whether build environment is sane
configure:2071: result: yes
configure:2136: checking for gawk
configure:2152: found /usr/bin/gawk
configure:2163: result: gawk
configure:2174: checking whether make sets $(MAKE)
configure:2195: result: yes
configure:2381: checking whether to enable maintainer-specific portions of Makefiles
configure:2390: result: yes
configure:2418: checking for style of include used by make
configure:2446: result: GNU
configure:2519: checking for gcc
configure:2535: found /usr/bin/gcc
configure:2546: result: gcc
configure:2784: checking for C compiler version
configure:2791: gcc --version >&5
gcc (GCC) 4.1.2 20061115 (prerelease) (SUSE Linux)
Copyright (C) 2006 Free Software Foundation, Inc.
This is free software; see the source for copying conditions.  There is NO
warranty; not even for MERCHANTABILITY or FITNESS FOR A PARTICULAR PURPOSE.

configure:2794: $? = 0
configure:2801: gcc -v >&5
Using built-in specs.
Target: i586-suse-linux
Configured with: ../configure --enable-threads=posix --prefix=/usr --with-local-prefix=/usr/local --infodir=/usr/share/info --mandir=/usr/share/man --libdir=/usr/lib --libexecdir=/usr/lib --enable-languages=c,c++,objc,fortran,obj-c++,java,ada --enable-checking=release --with-gxx-include-dir=/usr/include/c++/4.1.2 --enable-ssp --disable-libssp --disable-libgcj --with-slibdir=/lib --with-system-zlib --enable-shared --enable-__cxa_atexit --enable-libstdcxx-allocator=new --program-suffix=-4.1 --enable-version-specific-runtime-libs --without-system-libunwind --with-cpu=generic --host=i586-suse-linux
Thread model: posix
gcc version 4.1.2 20061115 (prerelease) (SUSE Linux)
configure:2804: $? = 0
configure:2811: gcc -V >&5
gcc: '-V' option must have argument
configure:2814: $? = 1
configure:2837: checking for C compiler default output file name
configure:2864: gcc    conftest.c  >&5
configure:2867: $? = 0
configure:2913: result: a.out
configure:2918: checking whether the C compiler works
configure:2928: ./a.out
configure:2931: $? = 0
configure:2948: result: yes
configure:2955: checking whether we are cross compiling
configure:2957: result: no
configure:2960: checking for suffix of executables
configure:2967: gcc -o conftest    conftest.c  >&5
configure:2970: $? = 0
configure:2994: result: 
configure:3000: checking for suffix of object files
configure:3026: gcc -c   conftest.c >&5
configure:3029: $? = 0
configure:3052: result: o
configure:3056: checking whether we are using the GNU C compiler
configure:3085: gcc -c   conftest.c >&5
configure:3091: $? = 0
configure:3098: test -z "$ac_c_werror_flag" || test ! -s conftest.err
configure:3101: $? = 0
configure:3108: test -s conftest.o
configure:3111: $? = 0
configure:3125: result: yes
configure:3130: checking whether gcc accepts -g
configure:3160: gcc -c -g  conftest.c >&5
configure:3166: $? = 0
configure:3173: test -z "$ac_c_werror_flag" || test ! -s conftest.err
configure:3176: $? = 0
configure:3183: test -s conftest.o
configure:3186: $? = 0
configure:3316: result: yes
configure:3333: checking for gcc option to accept ISO C89
configure:3407: gcc  -c -g -O2  conftest.c >&5
configure:3413: $? = 0
configure:3420: test -z "$ac_c_werror_flag" || test ! -s conftest.err
configure:3423: $? = 0
configure:3430: test -s conftest.o
configure:3433: $? = 0
configure:3453: result: none needed
configure:3473: checking dependency style of gcc
configure:3563: result: gcc3
configure:3581: checking for library containing strerror
configure:3622: gcc -o conftest -g -O2   conftest.c  >&5
configure:3628: $? = 0
configure:3635: test -z "$ac_c_werror_flag" || test ! -s conftest.err
configure:3638: $? = 0
configure:3645: test -s conftest
configure:3648: $? = 0
configure:3672: result: none required
configure:3728: checking for gcc
configure:3755: result: gcc
configure:3993: checking for C compiler version
configure:4000: gcc --version >&5
gcc (GCC) 4.1.2 20061115 (prerelease) (SUSE Linux)
Copyright (C) 2006 Free Software Foundation, Inc.
This is free software; see the source for copying conditions.  There is NO
warranty; not even for MERCHANTABILITY or FITNESS FOR A PARTICULAR PURPOSE.

configure:4003: $? = 0
configure:4010: gcc -v >&5
Using built-in specs.
Target: i586-suse-linux
Configured with: ../configure --enable-threads=posix --prefix=/usr --with-local-prefix=/usr/local --infodir=/usr/share/info --mandir=/usr/share/man --libdir=/usr/lib --libexecdir=/usr/lib --enable-languages=c,c++,objc,fortran,obj-c++,java,ada --enable-checking=release --with-gxx-include-dir=/usr/include/c++/4.1.2 --enable-ssp --disable-libssp --disable-libgcj --with-slibdir=/lib --with-system-zlib --enable-shared --enable-__cxa_atexit --enable-libstdcxx-allocator=new --program-suffix=-4.1 --enable-version-specific-runtime-libs --without-system-libunwind --with-cpu=generic --host=i586-suse-linux
Thread model: posix
gcc version 4.1.2 20061115 (prerelease) (SUSE Linux)
configure:4013: $? = 0
configure:4020: gcc -V >&5
gcc: '-V' option must have argument
configure:4023: $? = 1
configure:4026: checking whether we are using the GNU C compiler
configure:4095: result: yes
configure:4100: checking whether gcc accepts -g
configure:4286: result: yes
configure:4303: checking for gcc option to accept ISO C89
configure:4423: result: none needed
configure:4443: checking dependency style of gcc
configure:4533: result: gcc3
configure:4598: checking for gcc
configure:4625: result: gcc
configure:4863: checking for C compiler version
configure:4870: gcc --version >&5
gcc (GCC) 4.1.2 20061115 (prerelease) (SUSE Linux)
Copyright (C) 2006 Free Software Foundation, Inc.
This is free software; see the source for copying conditions.  There is NO
warranty; not even for MERCHANTABILITY or FITNESS FOR A PARTICULAR PURPOSE.

configure:4873: $? = 0
configure:4880: gcc -v >&5
Using built-in specs.
Target: i586-suse-linux
Configured with: ../configure --enable-threads=posix --prefix=/usr --with-local-prefix=/usr/local --infodir=/usr/share/info --mandir=/usr/share/man --libdir=/usr/lib --libexecdir=/usr/lib --enable-languages=c,c++,objc,fortran,obj-c++,java,ada --enable-checking=release --with-gxx-include-dir=/usr/include/c++/4.1.2 --enable-ssp --disable-libssp --disable-libgcj --with-slibdir=/lib --with-system-zlib --enable-shared --enable-__cxa_atexit --enable-libstdcxx-allocator=new --program-suffix=-4.1 --enable-version-specific-runtime-libs --without-system-libunwind --with-cpu=generic --host=i586-suse-linux
Thread model: posix
gcc version 4.1.2 20061115 (prerelease) (SUSE Linux)
configure:4883: $? = 0
configure:4890: gcc -V >&5
gcc: '-V' option must have argument
configure:4893: $? = 1
configure:4896: checking whether we are using the GNU C compiler
configure:4965: result: yes
configure:4970: checking whether gcc accepts -g
configure:5156: result: yes
configure:5173: checking for gcc option to accept ISO C89
configure:5293: result: none needed
configure:5313: checking dependency style of gcc
configure:5403: result: gcc3
configure:5428: checking how to run the C preprocessor
configure:5468: gcc -E  conftest.c
configure:5474: $? = 0
configure:5512: gcc -E  conftest.c
conftest.c:10:28: error: ac_nonexistent.h: No such file or directory
configure:5518: $? = 1
configure: failed program was:
| /* confdefs.h.  */
| #define PACKAGE_NAME ""
| #define PACKAGE_TARNAME ""
| #define PACKAGE_VERSION ""
| #define PACKAGE_STRING ""
| #define PACKAGE_BUGREPORT ""
| #define PACKAGE "libcrypto"
| #define VERSION "0.1"
| /* end confdefs.h.  */
| #include <ac_nonexistent.h>
configure:5558: result: gcc -E
configure:5587: gcc -E  conftest.c
configure:5593: $? = 0
configure:5631: gcc -E  conftest.c
conftest.c:10:28: error: ac_nonexistent.h: No such file or directory
configure:5637: $? = 1
configure: failed program was:
| /* confdefs.h.  */
| #define PACKAGE_NAME ""
| #define PACKAGE_TARNAME ""
| #define PACKAGE_VERSION ""
| #define PACKAGE_STRING ""
| #define PACKAGE_BUGREPORT ""
| #define PACKAGE "libcrypto"
| #define VERSION "0.1"
| /* end confdefs.h.  */
| #include <ac_nonexistent.h>
configure:5682: checking for grep that handles long lines and -e
configure:5756: result: /usr/bin/grep
configure:5761: checking for egrep
configure:5839: result: /usr/bin/grep -E
configure:5844: checking for ANSI C header files
configure:5874: gcc -c -g -O2  conftest.c >&5
configure:5880: $? = 0
configure:5887: test -z "$ac_c_werror_flag" || test ! -s conftest.err
configure:5890: $? = 0
configure:5897: test -s conftest.o
configure:5900: $? = 0
configure:5996: gcc -o conftest -g -O2   conftest.c  >&5
configure:5999: $? = 0
configure:6005: ./conftest
configure:6008: $? = 0
configure:6025: result: yes
configure:6114: checking build system type
configure:6132: result: i686-suse-linux-gnu
configure:6154: checking host system type
configure:6169: result: i686-suse-linux-gnu
configure:6191: checking for a sed that does not truncate output
configure:6245: result: /usr/bin/sed
configure:6259: checking for ld used by gcc
configure:6326: result: /usr/i586-suse-linux/bin/ld
configure:6335: checking if the linker (/usr/i586-suse-linux/bin/ld) is GNU ld
configure:6350: result: yes
configure:6355: checking for /usr/i586-suse-linux/bin/ld option to reload object files
configure:6362: result: -r
configure:6380: checking for BSD-compatible nm
configure:6429: result: /usr/bin/nm -B
configure:6433: checking whether ln -s works
configure:6437: result: yes
configure:6444: checking how to recognise dependent libraries
configure:6620: result: pass_all
configure:6878: checking for sys/types.h
configure:6899: gcc -c -g -O2  conftest.c >&5
configure:6905: $? = 0
configure:6912: test -z "$ac_c_werror_flag" || test ! -s conftest.err
configure:6915: $? = 0
configure:6922: test -s conftest.o
configure:6925: $? = 0
configure:6938: result: yes
configure:6878: checking for sys/stat.h
configure:6899: gcc -c -g -O2  conftest.c >&5
configure:6905: $? = 0
configure:6912: test -z "$ac_c_werror_flag" || test ! -s conftest.err
configure:6915: $? = 0
configure:6922: test -s conftest.o
configure:6925: $? = 0
configure:6938: result: yes
configure:6878: checking for stdlib.h
configure:6899: gcc -c -g -O2  conftest.c >&5
configure:6905: $? = 0
configure:6912: test -z "$ac_c_werror_flag" || test ! -s conftest.err
configure:6915: $? = 0
configure:6922: test -s conftest.o
configure:6925: $? = 0
configure:6938: result: yes
configure:6878: checking for string.h
configure:6899: gcc -c -g -O2  conftest.c >&5
configure:6905: $? = 0
configure:6912: test -z "$ac_c_werror_flag" || test ! -s conftest.err
configure:6915: $? = 0
configure:6922: test -s conftest.o
configure:6925: $? = 0
configure:6938: result: yes
configure:6878: checking for memory.h
configure:6899: gcc -c -g -O2  conftest.c >&5
configure:6905: $? = 0
configure:6912: test -z "$ac_c_werror_flag" || test ! -s conftest.err
configure:6915: $? = 0
configure:6922: test -s conftest.o
configure:6925: $? = 0
configure:6938: result: yes
configure:6878: checking for strings.h
configure:6899: gcc -c -g -O2  conftest.c >&5
configure:6905: $? = 0
configure:6912: test -z "$ac_c_werror_flag" || test ! -s conftest.err
configure:6915: $? = 0
configure:6922: test -s conftest.o
configure:6925: $? = 0
configure:6938: result: yes
configure:6878: checking for inttypes.h
configure:6899: gcc -c -g -O2  conftest.c >&5
configure:6905: $? = 0
configure:6912: test -z "$ac_c_werror_flag" || test ! -s conftest.err
configure:6915: $? = 0
configure:6922: test -s conftest.o
configure:6925: $? = 0
configure:6938: result: yes
configure:6878: checking for stdint.h
configure:6899: gcc -c -g -O2  conftest.c >&5
configure:6905: $? = 0
configure:6912: test -z "$ac_c_werror_flag" || test ! -s conftest.err
configure:6915: $? = 0
configure:6922: test -s conftest.o
configure:6925: $? = 0
configure:6938: result: yes
configure:6878: checking for unistd.h
configure:6899: gcc -c -g -O2  conftest.c >&5
configure:6905: $? = 0
configure:6912: test -z "$ac_c_werror_flag" || test ! -s conftest.err
configure:6915: $? = 0
configure:6922: test -s conftest.o
configure:6925: $? = 0
configure:6938: result: yes
configure:6965: checking dlfcn.h usability
configure:6982: gcc -c -g -O2  conftest.c >&5
configure:6988: $? = 0
configure:6995: test -z "$ac_c_werror_flag" || test ! -s conftest.err
configure:6998: $? = 0
configure:7005: test -s conftest.o
configure:7008: $? = 0
configure:7019: result: yes
configure:7023: checking dlfcn.h presence
configure:7038: gcc -E  conftest.c
configure:7044: $? = 0
configure:7065: result: yes
configure:7093: checking for dlfcn.h
configure:7101: result: yes
configure:7172: checking for g++
configure:7188: found /usr/bin/g++
configure:7199: result: g++
configure:7230: checking for C++ compiler version
configure:7237: g++ --version >&5
g++ (GCC) 4.1.2 20061115 (prerelease) (SUSE Linux)
Copyright (C) 2006 Free Software Foundation, Inc.
This is free software; see the source for copying conditions.  There is NO
warranty; not even for MERCHANTABILITY or FITNESS FOR A PARTICULAR PURPOSE.

configure:7240: $? = 0
configure:7247: g++ -v >&5
Using built-in specs.
Target: i586-suse-linux
Configured with: ../configure --enable-threads=posix --prefix=/usr --with-local-prefix=/usr/local --infodir=/usr/share/info --mandir=/usr/share/man --libdir=/usr/lib --libexecdir=/usr/lib --enable-languages=c,c++,objc,fortran,obj-c++,java,ada --enable-checking=release --with-gxx-include-dir=/usr/include/c++/4.1.2 --enable-ssp --disable-libssp --disable-libgcj --with-slibdir=/lib --with-system-zlib --enable-shared --enable-__cxa_atexit --enable-libstdcxx-allocator=new --program-suffix=-4.1 --enable-version-specific-runtime-libs --without-system-libunwind --with-cpu=generic --host=i586-suse-linux
Thread model: posix
gcc version 4.1.2 20061115 (prerelease) (SUSE Linux)
configure:7250: $? = 0
configure:7257: g++ -V >&5
g++: '-V' option must have argument
configure:7260: $? = 1
configure:7263: checking whether we are using the GNU C++ compiler
configure:7292: g++ -c   conftest.cpp >&5
configure:7298: $? = 0
configure:7305: test -z "$ac_cxx_werror_flag" || test ! -s conftest.err
configure:7308: $? = 0
configure:7315: test -s conftest.o
configure:7318: $? = 0
configure:7332: result: yes
configure:7337: checking whether g++ accepts -g
configure:7367: g++ -c -g  conftest.cpp >&5
configure:7373: $? = 0
configure:7380: test -z "$ac_cxx_werror_flag" || test ! -s conftest.err
configure:7383: $? = 0
configure:7390: test -s conftest.o
configure:7393: $? = 0
configure:7523: result: yes
configure:7548: checking dependency style of g++
configure:7638: result: gcc3
configure:7665: checking how to run the C++ preprocessor
configure:7701: g++ -E  conftest.cpp
configure:7707: $? = 0
configure:7745: g++ -E  conftest.cpp
conftest.cpp:21:28: error: ac_nonexistent.h: No such file or directory
configure:7751: $? = 1
configure: failed program was:
| /* confdefs.h.  */
| #define PACKAGE_NAME ""
| #define PACKAGE_TARNAME ""
| #define PACKAGE_VERSION ""
| #define PACKAGE_STRING ""
| #define PACKAGE_BUGREPORT ""
| #define PACKAGE "libcrypto"
| #define VERSION "0.1"
| #define STDC_HEADERS 1
| #define HAVE_SYS_TYPES_H 1
| #define HAVE_SYS_STAT_H 1
| #define HAVE_STDLIB_H 1
| #define HAVE_STRING_H 1
| #define HAVE_MEMORY_H 1
| #define HAVE_STRINGS_H 1
| #define HAVE_INTTYPES_H 1
| #define HAVE_STDINT_H 1
| #define HAVE_UNISTD_H 1
| #define HAVE_DLFCN_H 1
| /* end confdefs.h.  */
| #include <ac_nonexistent.h>
configure:7791: result: g++ -E
configure:7820: g++ -E  conftest.cpp
configure:7826: $? = 0
configure:7864: g++ -E  conftest.cpp
conftest.cpp:21:28: error: ac_nonexistent.h: No such file or directory
configure:7870: $? = 1
configure: failed program was:
| /* confdefs.h.  */
| #define PACKAGE_NAME ""
| #define PACKAGE_TARNAME ""
| #define PACKAGE_VERSION ""
| #define PACKAGE_STRING ""
| #define PACKAGE_BUGREPORT ""
| #define PACKAGE "libcrypto"
| #define VERSION "0.1"
| #define STDC_HEADERS 1
| #define HAVE_SYS_TYPES_H 1
| #define HAVE_SYS_STAT_H 1
| #define HAVE_STDLIB_H 1
| #define HAVE_STRING_H 1
| #define HAVE_MEMORY_H 1
| #define HAVE_STRINGS_H 1
| #define HAVE_INTTYPES_H 1
| #define HAVE_STDINT_H 1
| #define HAVE_UNISTD_H 1
| #define HAVE_DLFCN_H 1
| /* end confdefs.h.  */
| #include <ac_nonexistent.h>
configure:7970: checking for g77
configure:8000: result: no
configure:7970: checking for f77
configure:8000: result: no
configure:7970: checking for xlf
configure:8000: result: no
configure:7970: checking for frt
configure:8000: result: no
configure:7970: checking for pgf77
configure:8000: result: no
configure:7970: checking for cf77
configure:8000: result: no
configure:7970: checking for fort77
configure:8000: result: no
configure:7970: checking for fl32
configure:8000: result: no
configure:7970: checking for af77
configure:8000: result: no
configure:7970: checking for f90
configure:8000: result: no
configure:7970: checking for xlf90
configure:8000: result: no
configure:7970: checking for pgf90
configure:8000: result: no
configure:7970: checking for pghpf
configure:8000: result: no
configure:7970: checking for epcf90
configure:8000: result: no
configure:7970: checking for gfortran
configure:8000: result: no
configure:7970: checking for g95
configure:8000: result: no
configure:7970: checking for f95
configure:8000: result: no
configure:7970: checking for fort
configure:8000: result: no
configure:7970: checking for xlf95
configure:8000: result: no
configure:7970: checking for ifort
configure:8000: result: no
configure:7970: checking for ifc
configure:8000: result: no
configure:7970: checking for efc
configure:8000: result: no
configure:7970: checking for pgf95
configure:8000: result: no
configure:7970: checking for lf95
configure:8000: result: no
configure:7970: checking for ftn
configure:8000: result: no
configure:8027: checking for Fortran 77 compiler version
configure:8034:  --version >&5
./configure: line 8035: --version: command not found
configure:8037: $? = 127
configure:8044:  -v >&5
./configure: line 8045: -v: command not found
configure:8047: $? = 127
configure:8054:  -V >&5
./configure: line 8055: -V: command not found
configure:8057: $? = 127
configure:8065: checking whether we are using the GNU Fortran 77 compiler
configure:8084:  -c  conftest.F >&5
./configure: line 8085: -c: command not found
configure:8090: $? = 127
configure: failed program was:
|       program main
| #ifndef __GNUC__
|        choke me
| #endif
| 
|       end
configure:8124: result: no
configure:8130: checking whether  accepts -g
configure:8147:  -c -g conftest.f >&5
./configure: line 8148: -c: command not found
configure:8153: $? = 127
configure: failed program was:
|       program main
| 
|       end
configure:8186: result: no
configure:8216: checking the maximum length of command line arguments
configure:8325: result: 32768
configure:8336: checking command to parse /usr/bin/nm -B output from gcc object
configure:8441: gcc -c -g -O2  conftest.c >&5
configure:8444: $? = 0
configure:8448: /usr/bin/nm -B conftest.o \| sed -n -e 's/^.*[ 	]\([ABCDGIRSTW][ABCDGIRSTW]*\)[ 	][ 	]*\([_A-Za-z][_A-Za-z0-9]*\)$/\1 \2 \2/p' \> conftest.nm
configure:8451: $? = 0
configure:8503: gcc -o conftest -g -O2   conftest.c conftstm.o >&5
configure:8506: $? = 0
configure:8544: result: ok
configure:8548: checking for objdir
configure:8563: result: .libs
configure:8655: checking for ar
configure:8671: found /usr/bin/ar
configure:8682: result: ar
configure:8751: checking for ranlib
configure:8767: found /usr/bin/ranlib
configure:8778: result: ranlib
configure:8847: checking for strip
configure:8863: found /usr/bin/strip
configure:8874: result: strip
configure:9160: checking if gcc supports -fno-rtti -fno-exceptions
configure:9178: gcc -c -g -O2  -fno-rtti -fno-exceptions conftest.c >&5
cc1: warning: command line option "-fno-rtti" is valid for C++/ObjC++ but not for C
configure:9182: $? = 0
configure:9195: result: no
configure:9210: checking for gcc option to produce PIC
configure:9420: result: -fPIC
configure:9428: checking if gcc PIC flag -fPIC works
configure:9446: gcc -c -g -O2  -fPIC -DPIC conftest.c >&5
configure:9450: $? = 0
configure:9463: result: yes
configure:9491: checking if gcc static flag -static works
configure:9519: result: yes
configure:9529: checking if gcc supports -c -o file.o
configure:9550: gcc -c -g -O2  -o out/conftest2.o conftest.c >&5
configure:9554: $? = 0
configure:9576: result: yes
configure:9602: checking whether the gcc linker (/usr/i586-suse-linux/bin/ld) supports shared libraries
configure:10588: result: yes
configure:10609: checking whether -lc should be explicitly linked in
configure:10614: gcc -c -g -O2  conftest.c >&5
configure:10617: $? = 0
configure:10632: gcc -shared conftest.o  -v -Wl,-soname -Wl,conftest -o conftest 2\>\&1 \| grep  -lc  \>/dev/null 2\>\&1
configure:10635: $? = 0
configure:10647: result: no
configure:10655: checking dynamic linker characteristics
configure:11243: result: GNU/Linux ld.so
configure:11252: checking how to hardcode library paths into programs
configure:11277: result: immediate
configure:11291: checking whether stripping libraries is possible
configure:11296: result: yes
configure:12209: checking if libtool supports shared libraries
configure:12211: result: yes
configure:12214: checking whether to build shared libraries
configure:12235: result: yes
configure:12238: checking whether to build static libraries
configure:12242: result: yes
configure:12334: creating libtool
configure:12922: checking for ld used by g++
configure:12989: result: /usr/i586-suse-linux/bin/ld
configure:12998: checking if the linker (/usr/i586-suse-linux/bin/ld) is GNU ld
configure:13013: result: yes
configure:13064: checking whether the g++ linker (/usr/i586-suse-linux/bin/ld) supports shared libraries
configure:14030: result: yes
configure:14048: g++ -c -g -O2  conftest.cpp >&5
configure:14051: $? = 0
configure:14170: checking for g++ option to produce PIC
configure:14444: result: -fPIC
configure:14452: checking if g++ PIC flag -fPIC works
configure:14470: g++ -c -g -O2  -fPIC -DPIC conftest.cpp >&5
configure:14474: $? = 0
configure:14487: result: yes
configure:14515: checking if g++ static flag -static works
configure:14543: result: yes
configure:14553: checking if g++ supports -c -o file.o
configure:14574: g++ -c -g -O2  -o out/conftest2.o conftest.cpp >&5
configure:14578: $? = 0
configure:14600: result: yes
configure:14626: checking whether the g++ linker (/usr/i586-suse-linux/bin/ld) supports shared libraries
configure:14651: result: yes
configure:14718: checking dynamic linker characteristics
configure:15306: result: GNU/Linux ld.so
configure:15315: checking how to hardcode library paths into programs
configure:15340: result: immediate
configure:21757: creating ./config.status

## ---------------------- ##
## Running config.status. ##
## ---------------------- ##

This file was extended by config.status, which was
generated by GNU Autoconf 2.60.  Invocation command line was

  CONFIG_FILES    = 
  CONFIG_HEADERS  = 
  CONFIG_LINKS    = 
  CONFIG_COMMANDS = 
  $ ./config.status 

on a4suse

config.status:660: creating Makefile
config.status:660: creating src/Makefile
config.status:660: creating config.h
config.status:933: executing depfiles commands

## ---------------- ##
## Cache variables. ##
## ---------------- ##

ac_cv_build=i686-suse-linux-gnu
ac_cv_c_compiler_gnu=yes
ac_cv_cxx_compiler_gnu=yes
ac_cv_env_CCC_set=
ac_cv_env_CCC_value=
ac_cv_env_CC_set=
ac_cv_env_CC_value=
ac_cv_env_CFLAGS_set=
ac_cv_env_CFLAGS_value=
ac_cv_env_CPPFLAGS_set=
ac_cv_env_CPPFLAGS_value=
ac_cv_env_CPP_set=
ac_cv_env_CPP_value=
ac_cv_env_CXXCPP_set=
ac_cv_env_CXXCPP_value=
ac_cv_env_CXXFLAGS_set=
ac_cv_env_CXXFLAGS_value=
ac_cv_env_CXX_set=
ac_cv_env_CXX_value=
ac_cv_env_F77_set=
ac_cv_env_F77_value=
ac_cv_env_FFLAGS_set=
ac_cv_env_FFLAGS_value=
ac_cv_env_LDFLAGS_set=
ac_cv_env_LDFLAGS_value=
ac_cv_env_build_alias_set=
ac_cv_env_build_alias_value=
ac_cv_env_host_alias_set=
ac_cv_env_host_alias_value=
ac_cv_env_target_alias_set=
ac_cv_env_target_alias_value=
ac_cv_f77_compiler_gnu=no
ac_cv_header_dlfcn_h=yes
ac_cv_header_inttypes_h=yes
ac_cv_header_memory_h=yes
ac_cv_header_stdc=yes
ac_cv_header_stdint_h=yes
ac_cv_header_stdlib_h=yes
ac_cv_header_string_h=yes
ac_cv_header_strings_h=yes
ac_cv_header_sys_stat_h=yes
ac_cv_header_sys_types_h=yes
ac_cv_header_unistd_h=yes
ac_cv_host=i686-suse-linux-gnu
ac_cv_objext=o
ac_cv_path_EGREP='/usr/bin/grep -E'
ac_cv_path_GREP=/usr/bin/grep
ac_cv_path_install='/usr/bin/install -c'
ac_cv_prog_AWK=gawk
ac_cv_prog_CPP='gcc -E'
ac_cv_prog_CXXCPP='g++ -E'
ac_cv_prog_ac_ct_AR=ar
ac_cv_prog_ac_ct_CC=gcc
ac_cv_prog_ac_ct_CXX=g++
ac_cv_prog_ac_ct_RANLIB=ranlib
ac_cv_prog_ac_ct_STRIP=strip
ac_cv_prog_cc_c89=
ac_cv_prog_cc_g=yes
ac_cv_prog_cxx_g=yes
ac_cv_prog_f77_g=no
ac_cv_prog_make_make_set=yes
ac_cv_search_strerror='none required'
am_cv_CC_dependencies_compiler_type=gcc3
am_cv_CXX_dependencies_compiler_type=gcc3
am_cv_prog_cc_stdc=
lt_cv_deplibs_check_method=pass_all
lt_cv_file_magic_cmd='$MAGIC_CMD'
lt_cv_file_magic_test_file=
lt_cv_ld_reload_flag=-r
lt_cv_objdir=.libs
lt_cv_path_LD=/usr/i586-suse-linux/bin/ld
lt_cv_path_LDCXX=/usr/i586-suse-linux/bin/ld
lt_cv_path_NM='/usr/bin/nm -B'
lt_cv_path_SED=/usr/bin/sed
lt_cv_prog_compiler_c_o=yes
lt_cv_prog_compiler_c_o_CXX=yes
lt_cv_prog_compiler_rtti_exceptions=no
lt_cv_prog_gnu_ld=yes
lt_cv_prog_gnu_ldcxx=yes
lt_cv_sys_global_symbol_pipe='sed -n -e '\''s/^.*[ 	]\([ABCDGIRSTW][ABCDGIRSTW]*\)[ 	][ 	]*\([_A-Za-z][_A-Za-z0-9]*\)$/\1 \2 \2/p'\'''
lt_cv_sys_global_symbol_to_c_name_address='sed -n -e '\''s/^: \([^ ]*\) $/  {\"\1\", (lt_ptr) 0},/p'\'' -e '\''s/^[BCDEGRST] \([^ ]*\) \([^ ]*\)$/  {"\2", (lt_ptr) \&\2},/p'\'''
lt_cv_sys_global_symbol_to_cdecl='sed -n -e '\''s/^. .* \(.*\)$/extern int \1;/p'\'''
lt_cv_sys_max_cmd_len=32768
lt_lt_cv_prog_compiler_c_o='"yes"'
lt_lt_cv_prog_compiler_c_o_CXX='"yes"'
lt_lt_cv_sys_global_symbol_pipe='"sed -n -e '\''s/^.*[ 	]\\([ABCDGIRSTW][ABCDGIRSTW]*\\)[ 	][ 	]*\\([_A-Za-z][_A-Za-z0-9]*\\)\$/\\1 \\2 \\2/p'\''"'
lt_lt_cv_sys_global_symbol_to_c_name_address='"sed -n -e '\''s/^: \\([^ ]*\\) \$/  {\\\"\\1\\\", (lt_ptr) 0},/p'\'' -e '\''s/^[BCDEGRST] \\([^ ]*\\) \\([^ ]*\\)\$/  {\"\\2\", (lt_ptr) \\&\\2},/p'\''"'
lt_lt_cv_sys_global_symbol_to_cdecl='"sed -n -e '\''s/^. .* \\(.*\\)\$/extern int \\1;/p'\''"'

## ----------------- ##
## Output variables. ##
## ----------------- ##

ACLOCAL='${SHELL} /home/marius/develop/BUZZNET/openssl/libcrypto/missing --run aclocal-1.9'
AMDEPBACKSLASH='\'
AMDEP_FALSE='#'
AMDEP_TRUE=''
AMTAR='${SHELL} /home/marius/develop/BUZZNET/openssl/libcrypto/missing --run tar'
AR='ar'
AUTOCONF='${SHELL} /home/marius/develop/BUZZNET/openssl/libcrypto/missing --run autoconf'
AUTOHEADER='${SHELL} /home/marius/develop/BUZZNET/openssl/libcrypto/missing --run autoheader'
AUTOMAKE='${SHELL} /home/marius/develop/BUZZNET/openssl/libcrypto/missing --run automake-1.9'
AWK='gawk'
CC='gcc'
CCDEPMODE='depmode=gcc3'
CFLAGS='-g -O2'
CPP='gcc -E'
CPPFLAGS=''
CXX='g++'
CXXCPP='g++ -E'
CXXDEPMODE='depmode=gcc3'
CXXFLAGS='-g -O2'
CYGPATH_W='echo'
DEFS='-DHAVE_CONFIG_H'
DEPDIR='.deps'
ECHO='echo'
ECHO_C=''
ECHO_N='-n'
ECHO_T=''
EGREP='/usr/bin/grep -E'
EXEEXT=''
F77=''
FFLAGS=''
GREP='/usr/bin/grep'
INSTALL_DATA='${INSTALL} -m 644'
INSTALL_PROGRAM='${INSTALL}'
INSTALL_SCRIPT='${INSTALL}'
INSTALL_STRIP_PROGRAM='${SHELL} $(install_sh) -c -s'
LDFLAGS=''
LIBOBJS=''
LIBS=''
LIBTOOL='$(SHELL) $(top_builddir)/libtool'
LN_S='ln -s'
LTLIBOBJS=''
MAINT=''
MAINTAINER_MODE_FALSE='#'
MAINTAINER_MODE_TRUE=''
MAKEINFO='${SHELL} /home/marius/develop/BUZZNET/openssl/libcrypto/missing --run makeinfo'
NO_PREFIX_PACKAGE_DATA_DIR='share'
NO_PREFIX_PACKAGE_DOC_DIR='doc/libcrypto'
NO_PREFIX_PACKAGE_HELP_DIR='share/help'
NO_PREFIX_PACKAGE_MENU_DIR='share'
NO_PREFIX_PACKAGE_PIXMAPS_DIR='share/pixmaps'
OBJEXT='o'
PACKAGE='libcrypto'
PACKAGE_BUGREPORT=''
PACKAGE_DATA_DIR='/usr/local/share'
PACKAGE_DOC_DIR='/usr/local/doc/libcrypto'
PACKAGE_HELP_DIR='/usr/local/share/help'
PACKAGE_MENU_DIR='/usr/local/share'
PACKAGE_NAME=''
PACKAGE_PIXMAPS_DIR='/usr/local/share/pixmaps'
PACKAGE_STRING=''
PACKAGE_TARNAME=''
PACKAGE_VERSION=''
PATH_SEPARATOR=':'
RANLIB='ranlib'
SET_MAKE=''
SHELL='/bin/sh'
STRIP='strip'
VERSION='0.1'
ac_ct_CC='gcc'
ac_ct_CXX='g++'
ac_ct_F77=''
am__fastdepCC_FALSE='#'
am__fastdepCC_TRUE=''
am__fastdepCXX_FALSE='#'
am__fastdepCXX_TRUE=''
am__include='include'
am__leading_dot='.'
am__quote=''
am__tar='${AMTAR} chof - "$$tardir"'
am__untar='${AMTAR} xf -'
bindir='${exec_prefix}/bin'
build='i686-suse-linux-gnu'
build_alias=''
build_cpu='i686'
build_os='linux-gnu'
build_vendor='suse'
datadir='${datarootdir}'
datarootdir='${prefix}/share'
docdir='${datarootdir}/doc/${PACKAGE}'
dvidir='${docdir}'
exec_prefix='${prefix}'
host='i686-suse-linux-gnu'
host_alias=''
host_cpu='i686'
host_os='linux-gnu'
host_vendor='suse'
htmldir='${docdir}'
includedir='${prefix}/include'
infodir='${datarootdir}/info'
install_sh='/home/marius/develop/BUZZNET/openssl/libcrypto/install-sh'
libdir='${exec_prefix}/lib'
libexecdir='${exec_prefix}/libexec'
localedir='${datarootdir}/locale'
localstatedir='${prefix}/var'
mandir='${datarootdir}/man'
mkdir_p='mkdir -p --'
oldincludedir='/usr/include'
pdfdir='${docdir}'
prefix='/usr/local'
program_transform_name='s,x,x,'
psdir='${docdir}'
sbindir='${exec_prefix}/sbin'
sharedstatedir='${prefix}/com'
sysconfdir='${prefix}/etc'
target_alias=''

## ----------- ##
## confdefs.h. ##
## ----------- ##

#define PACKAGE_NAME ""
#define PACKAGE_TARNAME ""
#define PACKAGE_VERSION ""
#define PACKAGE_STRING ""
#define PACKAGE_BUGREPORT ""
#define PACKAGE "libcrypto"
#define VERSION "0.1"
#define STDC_HEADERS 1
#define HAVE_SYS_TYPES_H 1
#define HAVE_SYS_STAT_H 1
#define HAVE_STDLIB_H 1
#define HAVE_STRING_H 1
#define HAVE_MEMORY_H 1
#define HAVE_STRINGS_H 1
#define HAVE_INTTYPES_H 1
#define HAVE_STDINT_H 1
#define HAVE_UNISTD_H 1
#define HAVE_DLFCN_H 1
#define PACKAGE_DATA_DIR "/usr/local/share"
#define PACKAGE_DOC_DIR "/usr/local/doc/libcrypto"
#define PACKAGE_PIXMAPS_DIR "/usr/local/share/pixmaps"
#define PACKAGE_HELP_DIR "/usr/local/share/help"
#define PACKAGE_MENU_DIR "/usr/local/share"
#define PACKAGE_SOURCE_DIR "/home/marius/develop/BUZZNET/openssl/libcrypto"

configure: exit 0
